#-----------------------------------------------------------
# Vivado v2019.2 (64-bit)
# SW Build 2708876 on Wed Nov  6 21:40:23 MST 2019
# IP Build 2700528 on Thu Nov  7 00:09:20 MST 2019
# Start of session at: Tue Feb 13 14:18:34 2024
# Process ID: 6868
# Current directory: N:/Course-ed/FPGA Workshop NIELIT/project_1
# Command line: vivado.exe -gui_launcher_event rodinguilauncherevent24048 N:\Course-ed\FPGA Workshop NIELIT\project_1\project_1.xpr
# Log file: N:/Course-ed/FPGA Workshop NIELIT/project_1/vivado.log
# Journal file: N:/Course-ed/FPGA Workshop NIELIT/project_1\vivado.jou
#-----------------------------------------------------------
start_gui
open_project {N:/Course-ed/FPGA Workshop NIELIT/project_1/project_1.xpr}
Scanning sources...
Finished scanning sources
WARNING: [IP_Flow 19-395] Problem validating against XML schema: : Unexpected end of message
CRITICAL WARNING: [IP_Flow 19-5097] Unable to determine VLNV from IP file; verify it has the correct syntax: N:/Course-ed/FPGA Workshop NIELIT/project_1/project_1.srcs/sources_1/ip/c_counter_binary_0_1/c_counter_binary_0.xci
WARNING: [IP_Flow 19-395] Problem validating against XML schema: : Unexpected end of message
CRITICAL WARNING: [IP_Flow 19-5097] Unable to determine VLNV from IP file; verify it has the correct syntax: N:/Course-ed/FPGA Workshop NIELIT/project_1/project_1.srcs/sources_1/ip/ila_0/ila_0.xci
WARNING: [IP_Flow 19-395] Problem validating against XML schema: : Unexpected end of message
CRITICAL WARNING: [IP_Flow 19-5097] Unable to determine VLNV from IP file; verify it has the correct syntax: N:/Course-ed/FPGA Workshop NIELIT/project_1/project_1.srcs/sources_1/ip/vio_0/vio_0.xci
INFO: [IP_Flow 19-234] Refreshing IP repositories
INFO: [IP_Flow 19-1704] No user IP repositories specified
INFO: [IP_Flow 19-2313] Loaded Vivado IP repository 'N:/Vivado/Vivado/2019.2/data/ip'.
open_project: Time (s): cpu = 00:00:05 ; elapsed = 00:00:06 . Memory (MB): peak = 903.438 ; gain = 189.445
update_compile_order -fileset sources_1
exit
INFO: [Common 17-206] Exiting Vivado at Tue Feb 13 14:19:52 2024...
